2023-05-17 20:01:42,629 INFO [com.alibaba.nacos.naming.push.receiver][PushReceiver.java:97] - received push data: {"type":"dom","data":"{\"name\":\"xuecheng-plus-project@@orders-api\",\"clusters\":\"DEFAULT\",\"cacheMillis\":10000,\"hosts\":[{\"instanceId\":\"192.168.49.1#63030#DEFAULT#xuecheng-plus-project@@orders-api\",\"ip\":\"192.168.49.1\",\"port\":63030,\"weight\":1.0,\"healthy\":false,\"enabled\":true,\"ephemeral\":true,\"clusterName\":\"DEFAULT\",\"serviceName\":\"xuecheng-plus-project@@orders-api\",\"metadata\":{\"preserved.register.source\":\"SPRING_CLOUD\"},\"instanceHeartBeatInterval\":5000,\"ipDeleteTimeout\":30000,\"instanceHeartBeatTimeOut\":15000}],\"lastRefTime\":1684323899741,\"checksum\":\"\",\"allIPs\":false,\"reachProtectionThreshold\":false,\"valid\":true}","lastRefTime":19956893634396} from /192.168.183.130
2023-05-17 20:01:42,629 WARN [HikariPool-1 housekeeper][HikariPool.java:787] - HikariPool-1 - Thread starvation or clock leap detected (housekeeper delta=16m58s728ms551µs200ns).
2023-05-17 20:01:42,629 WARN [AMQP Connection 127.0.0.1:5672][ForgivingExceptionHandler.java:115] - An unexpected connection driver error occured (Exception message: Connection reset)
2023-05-17 20:01:42,629 INFO [com.alibaba.nacos.naming.push.receiver][PushReceiver.java:97] - received push data: {"type":"dom","data":"{\"name\":\"xuecheng-plus-project@@orders-api\",\"clusters\":\"DEFAULT\",\"cacheMillis\":10000,\"hosts\":[{\"instanceId\":\"192.168.49.1#63030#DEFAULT#xuecheng-plus-project@@orders-api\",\"ip\":\"192.168.49.1\",\"port\":63030,\"weight\":1.0,\"healthy\":false,\"enabled\":true,\"ephemeral\":true,\"clusterName\":\"DEFAULT\",\"serviceName\":\"xuecheng-plus-project@@orders-api\",\"metadata\":{\"preserved.register.source\":\"SPRING_CLOUD\"},\"instanceHeartBeatInterval\":5000,\"ipDeleteTimeout\":30000,\"instanceHeartBeatTimeOut\":15000}],\"lastRefTime\":1684323899741,\"checksum\":\"\",\"allIPs\":false,\"reachProtectionThreshold\":false,\"valid\":true}","lastRefTime":19956893634396} from /192.168.183.130
2023-05-17 20:01:42,629 WARN [HikariPool-1 housekeeper][HikariPool.java:787] - HikariPool-1 - Thread starvation or clock leap detected (housekeeper delta=16m58s728ms551µs200ns).
2023-05-17 20:01:42,633 WARN [AMQP Connection 127.0.0.1:5672][ForgivingExceptionHandler.java:115] - An unexpected connection driver error occured (Exception message: Connection reset)
2023-05-17 20:01:42,660 INFO [com.alibaba.nacos.naming.push.receiver][BeatReactor.java:81] - [BEAT] adding beat: BeatInfo{port=63030, ip='192.168.49.1', weight=1.0, serviceName='xuecheng-plus-project@@orders-api', cluster='DEFAULT', metadata={preserved.register.source=SPRING_CLOUD}, scheduled=false, period=5000, stopped=false} to beat map.
2023-05-17 20:01:42,660 INFO [com.alibaba.nacos.naming.push.receiver][BeatReactor.java:81] - [BEAT] adding beat: BeatInfo{port=63030, ip='192.168.49.1', weight=1.0, serviceName='xuecheng-plus-project@@orders-api', cluster='DEFAULT', metadata={preserved.register.source=SPRING_CLOUD}, scheduled=false, period=5000, stopped=false} to beat map.
2023-05-17 20:01:42,661 INFO [com.alibaba.nacos.naming.push.receiver][HostReactor.java:245] - modified ips(1) service: xuecheng-plus-project@@orders-api@@DEFAULT -> [{"instanceId":"192.168.49.1#63030#DEFAULT#xuecheng-plus-project@@orders-api","ip":"192.168.49.1","port":63030,"weight":1.0,"healthy":false,"enabled":true,"ephemeral":true,"clusterName":"DEFAULT","serviceName":"xuecheng-plus-project@@orders-api","metadata":{"preserved.register.source":"SPRING_CLOUD"},"ipDeleteTimeout":30000,"instanceHeartBeatInterval":5000,"instanceHeartBeatTimeOut":15000}]
2023-05-17 20:01:42,661 INFO [com.alibaba.nacos.naming.push.receiver][HostReactor.java:245] - modified ips(1) service: xuecheng-plus-project@@orders-api@@DEFAULT -> [{"instanceId":"192.168.49.1#63030#DEFAULT#xuecheng-plus-project@@orders-api","ip":"192.168.49.1","port":63030,"weight":1.0,"healthy":false,"enabled":true,"ephemeral":true,"clusterName":"DEFAULT","serviceName":"xuecheng-plus-project@@orders-api","metadata":{"preserved.register.source":"SPRING_CLOUD"},"ipDeleteTimeout":30000,"instanceHeartBeatInterval":5000,"instanceHeartBeatTimeOut":15000}]
2023-05-17 20:01:42,663 INFO [com.alibaba.nacos.naming.push.receiver][HostReactor.java:271] - current ips:(1) service: xuecheng-plus-project@@orders-api@@DEFAULT -> [{"instanceId":"192.168.49.1#63030#DEFAULT#xuecheng-plus-project@@orders-api","ip":"192.168.49.1","port":63030,"weight":1.0,"healthy":false,"enabled":true,"ephemeral":true,"clusterName":"DEFAULT","serviceName":"xuecheng-plus-project@@orders-api","metadata":{"preserved.register.source":"SPRING_CLOUD"},"ipDeleteTimeout":30000,"instanceHeartBeatInterval":5000,"instanceHeartBeatTimeOut":15000}]
2023-05-17 20:01:42,663 INFO [com.alibaba.nacos.naming.push.receiver][HostReactor.java:271] - current ips:(1) service: xuecheng-plus-project@@orders-api@@DEFAULT -> [{"instanceId":"192.168.49.1#63030#DEFAULT#xuecheng-plus-project@@orders-api","ip":"192.168.49.1","port":63030,"weight":1.0,"healthy":false,"enabled":true,"ephemeral":true,"clusterName":"DEFAULT","serviceName":"xuecheng-plus-project@@orders-api","metadata":{"preserved.register.source":"SPRING_CLOUD"},"ipDeleteTimeout":30000,"instanceHeartBeatInterval":5000,"instanceHeartBeatTimeOut":15000}]
2023-05-17 20:01:42,664 INFO [com.alibaba.nacos.naming.push.receiver][PushReceiver.java:97] - received push data: {"type":"dom","data":"{\"name\":\"xuecheng-plus-project@@orders-api\",\"clusters\":\"DEFAULT\",\"cacheMillis\":10000,\"hosts\":[{\"instanceId\":\"192.168.49.1#63030#DEFAULT#xuecheng-plus-project@@orders-api\",\"ip\":\"192.168.49.1\",\"port\":63030,\"weight\":1.0,\"healthy\":false,\"enabled\":true,\"ephemeral\":true,\"clusterName\":\"DEFAULT\",\"serviceName\":\"xuecheng-plus-project@@orders-api\",\"metadata\":{\"preserved.register.source\":\"SPRING_CLOUD\"},\"instanceHeartBeatInterval\":5000,\"ipDeleteTimeout\":30000,\"instanceHeartBeatTimeOut\":15000}],\"lastRefTime\":1684323899741,\"checksum\":\"\",\"allIPs\":false,\"reachProtectionThreshold\":false,\"valid\":true}","lastRefTime":19956893634396} from /192.168.183.130
2023-05-17 20:01:42,664 INFO [com.alibaba.nacos.naming.push.receiver][PushReceiver.java:97] - received push data: {"type":"dom","data":"{\"name\":\"xuecheng-plus-project@@orders-api\",\"clusters\":\"DEFAULT\",\"cacheMillis\":10000,\"hosts\":[{\"instanceId\":\"192.168.49.1#63030#DEFAULT#xuecheng-plus-project@@orders-api\",\"ip\":\"192.168.49.1\",\"port\":63030,\"weight\":1.0,\"healthy\":false,\"enabled\":true,\"ephemeral\":true,\"clusterName\":\"DEFAULT\",\"serviceName\":\"xuecheng-plus-project@@orders-api\",\"metadata\":{\"preserved.register.source\":\"SPRING_CLOUD\"},\"instanceHeartBeatInterval\":5000,\"ipDeleteTimeout\":30000,\"instanceHeartBeatTimeOut\":15000}],\"lastRefTime\":1684323899741,\"checksum\":\"\",\"allIPs\":false,\"reachProtectionThreshold\":false,\"valid\":true}","lastRefTime":19956893634396} from /192.168.183.130
2023-05-17 20:01:42,665 INFO [com.alibaba.nacos.naming.push.receiver][PushReceiver.java:97] - received push data: {"type":"dom","data":"{\"name\":\"xuecheng-plus-project@@orders-api\",\"clusters\":\"DEFAULT\",\"cacheMillis\":10000,\"hosts\":[],\"lastRefTime\":1684323914954,\"checksum\":\"\",\"allIPs\":false,\"reachProtectionThreshold\":false,\"valid\":true}","lastRefTime":19972107349320} from /192.168.183.130
2023-05-17 20:01:42,665 INFO [com.alibaba.nacos.naming.push.receiver][PushReceiver.java:97] - received push data: {"type":"dom","data":"{\"name\":\"xuecheng-plus-project@@orders-api\",\"clusters\":\"DEFAULT\",\"cacheMillis\":10000,\"hosts\":[],\"lastRefTime\":1684323914954,\"checksum\":\"\",\"allIPs\":false,\"reachProtectionThreshold\":false,\"valid\":true}","lastRefTime":19972107349320} from /192.168.183.130
2023-05-17 20:01:42,666 INFO [com.alibaba.nacos.naming.push.receiver][HostReactor.java:238] - removed ips(1) service: xuecheng-plus-project@@orders-api@@DEFAULT -> [{"instanceId":"192.168.49.1#63030#DEFAULT#xuecheng-plus-project@@orders-api","ip":"192.168.49.1","port":63030,"weight":1.0,"healthy":false,"enabled":true,"ephemeral":true,"clusterName":"DEFAULT","serviceName":"xuecheng-plus-project@@orders-api","metadata":{"preserved.register.source":"SPRING_CLOUD"},"ipDeleteTimeout":30000,"instanceHeartBeatInterval":5000,"instanceHeartBeatTimeOut":15000}]
2023-05-17 20:01:42,666 INFO [com.alibaba.nacos.naming.push.receiver][HostReactor.java:238] - removed ips(1) service: xuecheng-plus-project@@orders-api@@DEFAULT -> [{"instanceId":"192.168.49.1#63030#DEFAULT#xuecheng-plus-project@@orders-api","ip":"192.168.49.1","port":63030,"weight":1.0,"healthy":false,"enabled":true,"ephemeral":true,"clusterName":"DEFAULT","serviceName":"xuecheng-plus-project@@orders-api","metadata":{"preserved.register.source":"SPRING_CLOUD"},"ipDeleteTimeout":30000,"instanceHeartBeatInterval":5000,"instanceHeartBeatTimeOut":15000}]
2023-05-17 20:01:42,667 ERROR [AMQP Connection 127.0.0.1:5672][CachingConnectionFactory.java:1575] - Channel shutdown: connection error
2023-05-17 20:01:42,667 INFO [com.alibaba.nacos.naming.push.receiver][HostReactor.java:271] - current ips:(0) service: xuecheng-plus-project@@orders-api@@DEFAULT -> []
2023-05-17 20:01:42,668 INFO [com.alibaba.nacos.naming.push.receiver][PushReceiver.java:97] - received push data: {"type":"dom","data":"{\"name\":\"xuecheng-plus-project@@orders-api\",\"clusters\":\"DEFAULT\",\"cacheMillis\":10000,\"hosts\":[],\"lastRefTime\":1684323914954,\"checksum\":\"\",\"allIPs\":false,\"reachProtectionThreshold\":false,\"valid\":true}","lastRefTime":19972107349320} from /192.168.183.130
2023-05-17 20:01:42,667 ERROR [AMQP Connection 127.0.0.1:5672][CachingConnectionFactory.java:1575] - Channel shutdown: connection error
2023-05-17 20:01:42,667 INFO [com.alibaba.nacos.naming.push.receiver][HostReactor.java:271] - current ips:(0) service: xuecheng-plus-project@@orders-api@@DEFAULT -> []
2023-05-17 20:01:42,668 INFO [com.alibaba.nacos.naming.push.receiver][PushReceiver.java:97] - received push data: {"type":"dom","data":"{\"name\":\"xuecheng-plus-project@@orders-api\",\"clusters\":\"DEFAULT\",\"cacheMillis\":10000,\"hosts\":[],\"lastRefTime\":1684323914954,\"checksum\":\"\",\"allIPs\":false,\"reachProtectionThreshold\":false,\"valid\":true}","lastRefTime":19972107349320} from /192.168.183.130
2023-05-17 20:01:42,687 INFO [com.alibaba.nacos.naming.beat.sender][NamingProxy.java:230] - [REGISTER-SERVICE] dev registering service xuecheng-plus-project@@orders-api with instance: Instance{instanceId='null', ip='192.168.49.1', port=63030, weight=1.0, healthy=true, enabled=true, ephemeral=true, clusterName='DEFAULT', serviceName='xuecheng-plus-project@@orders-api', metadata={preserved.register.source=SPRING_CLOUD}}
2023-05-17 20:01:42,687 INFO [com.alibaba.nacos.naming.beat.sender][NamingProxy.java:230] - [REGISTER-SERVICE] dev registering service xuecheng-plus-project@@orders-api with instance: Instance{instanceId='null', ip='192.168.49.1', port=63030, weight=1.0, healthy=true, enabled=true, ephemeral=true, clusterName='DEFAULT', serviceName='xuecheng-plus-project@@orders-api', metadata={preserved.register.source=SPRING_CLOUD}}
2023-05-17 20:01:42,692 WARN [Thread-9][HttpClientBeanHolder.java:108] - [HttpClientBeanHolder] Start destroying common HttpClient
2023-05-17 20:01:42,692 WARN [Thread-41][NotifyCenter.java:145] - [NotifyCenter] Start destroying Publisher
2023-05-17 20:01:42,692 WARN [Thread-41][NotifyCenter.java:145] - [NotifyCenter] Start destroying Publisher
2023-05-17 20:01:42,692 WARN [Thread-9][HttpClientBeanHolder.java:108] - [HttpClientBeanHolder] Start destroying common HttpClient
2023-05-17 20:01:42,692 WARN [Thread-41][NotifyCenter.java:162] - [NotifyCenter] Destruction of the end
2023-05-17 20:01:42,692 WARN [Thread-41][NotifyCenter.java:162] - [NotifyCenter] Destruction of the end
2023-05-17 20:01:42,693 WARN [Thread-9][HttpClientBeanHolder.java:114] - [HttpClientBeanHolder] Destruction of the end
2023-05-17 20:01:42,680 ERROR [http-nio-63030-exec-1][DirectJDKLog.java:175] - Servlet.service() for servlet [dispatcherServlet] in context with path [/orders] threw exception [Request processing failed; nested exception is com.xuechng.base.exception.XueChengPlusException: 请求支付宝查询支付结果失败] with root cause
com.xuechng.base.exception.XueChengPlusException: 请求支付宝查询支付结果失败
	at com.xuechng.base.exception.XueChengPlusException.cast(XueChengPlusException.java:31)
	at com.xuecheng.orders.service.impl.OrderServiceImpl.queryPayResultFromAlipay(OrderServiceImpl.java:156)
	at com.xuecheng.orders.service.impl.OrderServiceImpl.queryPayResult(OrderServiceImpl.java:126)
	at com.xuecheng.orders.service.impl.OrderServiceImpl$$FastClassBySpringCGLIB$$1ea87c83.invoke(<generated>)
	at org.springframework.cglib.proxy.MethodProxy.invoke(MethodProxy.java:218)
	at org.springframework.aop.framework.CglibAopProxy$DynamicAdvisedInterceptor.intercept(CglibAopProxy.java:687)
	at com.xuecheng.orders.service.impl.OrderServiceImpl$$EnhancerBySpringCGLIB$$15432ea0.queryPayResult(<generated>)
	at com.xuecheng.orders.api.OrderController.payresult(OrderController.java:110)
	at sun.reflect.NativeMethodAccessorImpl.invoke0(Native Method)
	at sun.reflect.NativeMethodAccessorImpl.invoke(NativeMethodAccessorImpl.java:62)
	at sun.reflect.DelegatingMethodAccessorImpl.invoke(DelegatingMethodAccessorImpl.java:43)
	at java.lang.reflect.Method.invoke(Method.java:498)
	at org.springframework.web.method.support.InvocableHandlerMethod.doInvoke(InvocableHandlerMethod.java:190)
	at org.springframework.web.method.support.InvocableHandlerMethod.invokeForRequest(InvocableHandlerMethod.java:138)
	at org.springframework.web.servlet.mvc.method.annotation.ServletInvocableHandlerMethod.invokeAndHandle(ServletInvocableHandlerMethod.java:105)
	at org.springframework.web.servlet.mvc.method.annotation.RequestMappingHandlerAdapter.invokeHandlerMethod(RequestMappingHandlerAdapter.java:878)
	at org.springframework.web.servlet.mvc.method.annotation.RequestMappingHandlerAdapter.handleInternal(RequestMappingHandlerAdapter.java:792)
	at org.springframework.web.servlet.mvc.method.AbstractHandlerMethodAdapter.handle(AbstractHandlerMethodAdapter.java:87)
	at org.springframework.web.servlet.DispatcherServlet.doDispatch(DispatcherServlet.java:1040)
	at org.springframework.web.servlet.DispatcherServlet.doService(DispatcherServlet.java:943)
	at org.springframework.web.servlet.FrameworkServlet.processRequest(FrameworkServlet.java:1006)
	at org.springframework.web.servlet.FrameworkServlet.doGet(FrameworkServlet.java:898)
	at javax.servlet.http.HttpServlet.service(HttpServlet.java:626)
	at org.springframework.web.servlet.FrameworkServlet.service(FrameworkServlet.java:883)
	at javax.servlet.http.HttpServlet.service(HttpServlet.java:733)
	at org.apache.catalina.core.ApplicationFilterChain.internalDoFilter(ApplicationFilterChain.java:231)
	at org.apache.catalina.core.ApplicationFilterChain.doFilter(ApplicationFilterChain.java:166)
	at org.apache.tomcat.websocket.server.WsFilter.doFilter(WsFilter.java:53)
	at org.apache.catalina.core.ApplicationFilterChain.internalDoFilter(ApplicationFilterChain.java:193)
	at org.apache.catalina.core.ApplicationFilterChain.doFilter(ApplicationFilterChain.java:166)
	at org.springframework.security.web.FilterChainProxy$VirtualFilterChain.doFilter(FilterChainProxy.java:320)
	at org.springframework.security.web.access.intercept.FilterSecurityInterceptor.invoke(FilterSecurityInterceptor.java:126)
	at org.springframework.security.web.access.intercept.FilterSecurityInterceptor.doFilter(FilterSecurityInterceptor.java:90)
	at org.springframework.security.web.FilterChainProxy$VirtualFilterChain.doFilter(FilterChainProxy.java:334)
	at org.springframework.security.web.access.ExceptionTranslationFilter.doFilter(ExceptionTranslationFilter.java:118)
	at org.springframework.security.web.FilterChainProxy$VirtualFilterChain.doFilter(FilterChainProxy.java:334)
	at org.springframework.security.web.session.SessionManagementFilter.doFilter(SessionManagementFilter.java:137)
	at org.springframework.security.web.FilterChainProxy$VirtualFilterChain.doFilter(FilterChainProxy.java:334)
	at org.springframework.security.web.authentication.AnonymousAuthenticationFilter.doFilter(AnonymousAuthenticationFilter.java:111)
	at org.springframework.security.web.FilterChainProxy$VirtualFilterChain.doFilter(FilterChainProxy.java:334)
	at org.springframework.security.web.servletapi.SecurityContextHolderAwareRequestFilter.doFilter(SecurityContextHolderAwareRequestFilter.java:158)
	at org.springframework.security.web.FilterChainProxy$VirtualFilterChain.doFilter(FilterChainProxy.java:334)
	at org.springframework.security.web.savedrequest.RequestCacheAwareFilter.doFilter(RequestCacheAwareFilter.java:63)
	at org.springframework.security.web.FilterChainProxy$VirtualFilterChain.doFilter(FilterChainProxy.java:334)
	at org.springframework.security.oauth2.provider.authentication.OAuth2AuthenticationProcessingFilter.doFilter(OAuth2AuthenticationProcessingFilter.java:176)
	at org.springframework.security.web.FilterChainProxy$VirtualFilterChain.doFilter(FilterChainProxy.java:334)
	at org.springframework.security.web.authentication.logout.LogoutFilter.doFilter(LogoutFilter.java:116)
	at org.springframework.security.web.FilterChainProxy$VirtualFilterChain.doFilter(FilterChainProxy.java:334)
	at org.springframework.security.web.header.HeaderWriterFilter.doHeadersAfter(HeaderWriterFilter.java:92)
	at org.springframework.security.web.header.HeaderWriterFilter.doFilterInternal(HeaderWriterFilter.java:77)
	at org.springframework.web.filter.OncePerRequestFilter.doFilter(OncePerRequestFilter.java:119)
	at org.springframework.security.web.FilterChainProxy$VirtualFilterChain.doFilter(FilterChainProxy.java:334)
	at org.springframework.security.web.context.SecurityContextPersistenceFilter.doFilter(SecurityContextPersistenceFilter.java:105)
	at org.springframework.security.web.FilterChainProxy$VirtualFilterChain.doFilter(FilterChainProxy.java:334)
	at org.springframework.security.web.context.request.async.WebAsyncManagerIntegrationFilter.doFilterInternal(WebAsyncManagerIntegrationFilter.java:56)
	at org.springframework.web.filter.OncePerRequestFilter.doFilter(OncePerRequestFilter.java:119)
	at org.springframework.security.web.FilterChainProxy$VirtualFilterChain.doFilter(FilterChainProxy.java:334)
	at org.springframework.security.web.FilterChainProxy.doFilterInternal(FilterChainProxy.java:215)
	at org.springframework.security.web.FilterChainProxy.doFilter(FilterChainProxy.java:178)
	at org.springframework.web.filter.DelegatingFilterProxy.invokeDelegate(DelegatingFilterProxy.java:358)
	at org.springframework.web.filter.DelegatingFilterProxy.doFilter(DelegatingFilterProxy.java:271)
	at org.apache.catalina.core.ApplicationFilterChain.internalDoFilter(ApplicationFilterChain.java:193)
	at org.apache.catalina.core.ApplicationFilterChain.doFilter(ApplicationFilterChain.java:166)
	at org.springframework.web.filter.RequestContextFilter.doFilterInternal(RequestContextFilter.java:100)
	at org.springframework.web.filter.OncePerRequestFilter.doFilter(OncePerRequestFilter.java:119)
	at org.apache.catalina.core.ApplicationFilterChain.internalDoFilter(ApplicationFilterChain.java:193)
	at org.apache.catalina.core.ApplicationFilterChain.doFilter(ApplicationFilterChain.java:166)
	at org.springframework.web.filter.FormContentFilter.doFilterInternal(FormContentFilter.java:93)
	at org.springframework.web.filter.OncePerRequestFilter.doFilter(OncePerRequestFilter.java:119)
	at org.apache.catalina.core.ApplicationFilterChain.internalDoFilter(ApplicationFilterChain.java:193)
	at org.apache.catalina.core.ApplicationFilterChain.doFilter(ApplicationFilterChain.java:166)
	at org.springframework.boot.actuate.metrics.web.servlet.WebMvcMetricsFilter.doFilterInternal(WebMvcMetricsFilter.java:93)
	at org.springframework.web.filter.OncePerRequestFilter.doFilter(OncePerRequestFilter.java:119)
	at org.apache.catalina.core.ApplicationFilterChain.internalDoFilter(ApplicationFilterChain.java:193)
	at org.apache.catalina.core.ApplicationFilterChain.doFilter(ApplicationFilterChain.java:166)
	at org.springframework.web.filter.CharacterEncodingFilter.doFilterInternal(CharacterEncodingFilter.java:201)
	at org.springframework.web.filter.OncePerRequestFilter.doFilter(OncePerRequestFilter.java:119)
	at org.apache.catalina.core.ApplicationFilterChain.internalDoFilter(ApplicationFilterChain.java:193)
	at org.apache.catalina.core.ApplicationFilterChain.doFilter(ApplicationFilterChain.java:166)
	at org.apache.catalina.core.StandardWrapperValve.invoke(StandardWrapperValve.java:202)
	at org.apache.catalina.core.StandardContextValve.invoke(StandardContextValve.java:97)
	at org.apache.catalina.authenticator.AuthenticatorBase.invoke(AuthenticatorBase.java:542)
	at org.apache.catalina.core.StandardHostValve.invoke(StandardHostValve.java:143)
	at org.apache.catalina.valves.ErrorReportValve.invoke(ErrorReportValve.java:92)
	at org.apache.catalina.core.StandardEngineValve.invoke(StandardEngineValve.java:78)
	at org.apache.catalina.connector.CoyoteAdapter.service(CoyoteAdapter.java:343)
	at org.apache.coyote.http11.Http11Processor.service(Http11Processor.java:374)
	at org.apache.coyote.AbstractProcessorLight.process(AbstractProcessorLight.java:65)
	at org.apache.coyote.AbstractProtocol$ConnectionHandler.process(AbstractProtocol.java:888)
	at org.apache.tomcat.util.net.NioEndpoint$SocketProcessor.doRun(NioEndpoint.java:1597)
	at org.apache.tomcat.util.net.SocketProcessorBase.run(SocketProcessorBase.java:49)
	at java.util.concurrent.ThreadPoolExecutor.runWorker(ThreadPoolExecutor.java:1142)
	at java.util.concurrent.ThreadPoolExecutor$Worker.run(ThreadPoolExecutor.java:617)
	at org.apache.tomcat.util.threads.TaskThread$WrappingRunnable.run(TaskThread.java:61)
	at java.lang.Thread.run(Thread.java:745)
2023-05-17 20:01:42,680 ERROR [http-nio-63030-exec-1][DirectJDKLog.java:175] - Servlet.service() for servlet [dispatcherServlet] in context with path [/orders] threw exception [Request processing failed; nested exception is com.xuechng.base.exception.XueChengPlusException: 请求支付宝查询支付结果失败] with root cause
com.xuechng.base.exception.XueChengPlusException: 请求支付宝查询支付结果失败
	at com.xuechng.base.exception.XueChengPlusException.cast(XueChengPlusException.java:31)
	at com.xuecheng.orders.service.impl.OrderServiceImpl.queryPayResultFromAlipay(OrderServiceImpl.java:156)
	at com.xuecheng.orders.service.impl.OrderServiceImpl.queryPayResult(OrderServiceImpl.java:126)
	at com.xuecheng.orders.service.impl.OrderServiceImpl$$FastClassBySpringCGLIB$$1ea87c83.invoke(<generated>)
	at org.springframework.cglib.proxy.MethodProxy.invoke(MethodProxy.java:218)
	at org.springframework.aop.framework.CglibAopProxy$DynamicAdvisedInterceptor.intercept(CglibAopProxy.java:687)
	at com.xuecheng.orders.service.impl.OrderServiceImpl$$EnhancerBySpringCGLIB$$15432ea0.queryPayResult(<generated>)
	at com.xuecheng.orders.api.OrderController.payresult(OrderController.java:110)
	at sun.reflect.NativeMethodAccessorImpl.invoke0(Native Method)
	at sun.reflect.NativeMethodAccessorImpl.invoke(NativeMethodAccessorImpl.java:62)
	at sun.reflect.DelegatingMethodAccessorImpl.invoke(DelegatingMethodAccessorImpl.java:43)
	at java.lang.reflect.Method.invoke(Method.java:498)
	at org.springframework.web.method.support.InvocableHandlerMethod.doInvoke(InvocableHandlerMethod.java:190)
	at org.springframework.web.method.support.InvocableHandlerMethod.invokeForRequest(InvocableHandlerMethod.java:138)
	at org.springframework.web.servlet.mvc.method.annotation.ServletInvocableHandlerMethod.invokeAndHandle(ServletInvocableHandlerMethod.java:105)
	at org.springframework.web.servlet.mvc.method.annotation.RequestMappingHandlerAdapter.invokeHandlerMethod(RequestMappingHandlerAdapter.java:878)
	at org.springframework.web.servlet.mvc.method.annotation.RequestMappingHandlerAdapter.handleInternal(RequestMappingHandlerAdapter.java:792)
	at org.springframework.web.servlet.mvc.method.AbstractHandlerMethodAdapter.handle(AbstractHandlerMethodAdapter.java:87)
	at org.springframework.web.servlet.DispatcherServlet.doDispatch(DispatcherServlet.java:1040)
	at org.springframework.web.servlet.DispatcherServlet.doService(DispatcherServlet.java:943)
	at org.springframework.web.servlet.FrameworkServlet.processRequest(FrameworkServlet.java:1006)
	at org.springframework.web.servlet.FrameworkServlet.doGet(FrameworkServlet.java:898)
	at javax.servlet.http.HttpServlet.service(HttpServlet.java:626)
	at org.springframework.web.servlet.FrameworkServlet.service(FrameworkServlet.java:883)
	at javax.servlet.http.HttpServlet.service(HttpServlet.java:733)
	at org.apache.catalina.core.ApplicationFilterChain.internalDoFilter(ApplicationFilterChain.java:231)
	at org.apache.catalina.core.ApplicationFilterChain.doFilter(ApplicationFilterChain.java:166)
	at org.apache.tomcat.websocket.server.WsFilter.doFilter(WsFilter.java:53)
	at org.apache.catalina.core.ApplicationFilterChain.internalDoFilter(ApplicationFilterChain.java:193)
	at org.apache.catalina.core.ApplicationFilterChain.doFilter(ApplicationFilterChain.java:166)
	at org.springframework.security.web.FilterChainProxy$VirtualFilterChain.doFilter(FilterChainProxy.java:320)
	at org.springframework.security.web.access.intercept.FilterSecurityInterceptor.invoke(FilterSecurityInterceptor.java:126)
	at org.springframework.security.web.access.intercept.FilterSecurityInterceptor.doFilter(FilterSecurityInterceptor.java:90)
	at org.springframework.security.web.FilterChainProxy$VirtualFilterChain.doFilter(FilterChainProxy.java:334)
	at org.springframework.security.web.access.ExceptionTranslationFilter.doFilter(ExceptionTranslationFilter.java:118)
	at org.springframework.security.web.FilterChainProxy$VirtualFilterChain.doFilter(FilterChainProxy.java:334)
	at org.springframework.security.web.session.SessionManagementFilter.doFilter(SessionManagementFilter.java:137)
	at org.springframework.security.web.FilterChainProxy$VirtualFilterChain.doFilter(FilterChainProxy.java:334)
	at org.springframework.security.web.authentication.AnonymousAuthenticationFilter.doFilter(AnonymousAuthenticationFilter.java:111)
	at org.springframework.security.web.FilterChainProxy$VirtualFilterChain.doFilter(FilterChainProxy.java:334)
	at org.springframework.security.web.servletapi.SecurityContextHolderAwareRequestFilter.doFilter(SecurityContextHolderAwareRequestFilter.java:158)
	at org.springframework.security.web.FilterChainProxy$VirtualFilterChain.doFilter(FilterChainProxy.java:334)
	at org.springframework.security.web.savedrequest.RequestCacheAwareFilter.doFilter(RequestCacheAwareFilter.java:63)
	at org.springframework.security.web.FilterChainProxy$VirtualFilterChain.doFilter(FilterChainProxy.java:334)
	at org.springframework.security.oauth2.provider.authentication.OAuth2AuthenticationProcessingFilter.doFilter(OAuth2AuthenticationProcessingFilter.java:176)
	at org.springframework.security.web.FilterChainProxy$VirtualFilterChain.doFilter(FilterChainProxy.java:334)
	at org.springframework.security.web.authentication.logout.LogoutFilter.doFilter(LogoutFilter.java:116)
	at org.springframework.security.web.FilterChainProxy$VirtualFilterChain.doFilter(FilterChainProxy.java:334)
	at org.springframework.security.web.header.HeaderWriterFilter.doHeadersAfter(HeaderWriterFilter.java:92)
	at org.springframework.security.web.header.HeaderWriterFilter.doFilterInternal(HeaderWriterFilter.java:77)
	at org.springframework.web.filter.OncePerRequestFilter.doFilter(OncePerRequestFilter.java:119)
	at org.springframework.security.web.FilterChainProxy$VirtualFilterChain.doFilter(FilterChainProxy.java:334)
	at org.springframework.security.web.context.SecurityContextPersistenceFilter.doFilter(SecurityContextPersistenceFilter.java:105)
	at org.springframework.security.web.FilterChainProxy$VirtualFilterChain.doFilter(FilterChainProxy.java:334)
	at org.springframework.security.web.context.request.async.WebAsyncManagerIntegrationFilter.doFilterInternal(WebAsyncManagerIntegrationFilter.java:56)
	at org.springframework.web.filter.OncePerRequestFilter.doFilter(OncePerRequestFilter.java:119)
	at org.springframework.security.web.FilterChainProxy$VirtualFilterChain.doFilter(FilterChainProxy.java:334)
	at org.springframework.security.web.FilterChainProxy.doFilterInternal(FilterChainProxy.java:215)
	at org.springframework.security.web.FilterChainProxy.doFilter(FilterChainProxy.java:178)
	at org.springframework.web.filter.DelegatingFilterProxy.invokeDelegate(DelegatingFilterProxy.java:358)
	at org.springframework.web.filter.DelegatingFilterProxy.doFilter(DelegatingFilterProxy.java:271)
	at org.apache.catalina.core.ApplicationFilterChain.internalDoFilter(ApplicationFilterChain.java:193)
	at org.apache.catalina.core.ApplicationFilterChain.doFilter(ApplicationFilterChain.java:166)
	at org.springframework.web.filter.RequestContextFilter.doFilterInternal(RequestContextFilter.java:100)
	at org.springframework.web.filter.OncePerRequestFilter.doFilter(OncePerRequestFilter.java:119)
	at org.apache.catalina.core.ApplicationFilterChain.internalDoFilter(ApplicationFilterChain.java:193)
	at org.apache.catalina.core.ApplicationFilterChain.doFilter(ApplicationFilterChain.java:166)
	at org.springframework.web.filter.FormContentFilter.doFilterInternal(FormContentFilter.java:93)
	at org.springframework.web.filter.OncePerRequestFilter.doFilter(OncePerRequestFilter.java:119)
	at org.apache.catalina.core.ApplicationFilterChain.internalDoFilter(ApplicationFilterChain.java:193)
	at org.apache.catalina.core.ApplicationFilterChain.doFilter(ApplicationFilterChain.java:166)
	at org.springframework.boot.actuate.metrics.web.servlet.WebMvcMetricsFilter.doFilterInternal(WebMvcMetricsFilter.java:93)
	at org.springframework.web.filter.OncePerRequestFilter.doFilter(OncePerRequestFilter.java:119)
	at org.apache.catalina.core.ApplicationFilterChain.internalDoFilter(ApplicationFilterChain.java:193)
	at org.apache.catalina.core.ApplicationFilterChain.doFilter(ApplicationFilterChain.java:166)
	at org.springframework.web.filter.CharacterEncodingFilter.doFilterInternal(CharacterEncodingFilter.java:201)
	at org.springframework.web.filter.OncePerRequestFilter.doFilter(OncePerRequestFilter.java:119)
	at org.apache.catalina.core.ApplicationFilterChain.internalDoFilter(ApplicationFilterChain.java:193)
	at org.apache.catalina.core.ApplicationFilterChain.doFilter(ApplicationFilterChain.java:166)
	at org.apache.catalina.core.StandardWrapperValve.invoke(StandardWrapperValve.java:202)
	at org.apache.catalina.core.StandardContextValve.invoke(StandardContextValve.java:97)
	at org.apache.catalina.authenticator.AuthenticatorBase.invoke(AuthenticatorBase.java:542)
	at org.apache.catalina.core.StandardHostValve.invoke(StandardHostValve.java:143)
	at org.apache.catalina.valves.ErrorReportValve.invoke(ErrorReportValve.java:92)
	at org.apache.catalina.core.StandardEngineValve.invoke(StandardEngineValve.java:78)
	at org.apache.catalina.connector.CoyoteAdapter.service(CoyoteAdapter.java:343)
	at org.apache.coyote.http11.Http11Processor.service(Http11Processor.java:374)
	at org.apache.coyote.AbstractProcessorLight.process(AbstractProcessorLight.java:65)
	at org.apache.coyote.AbstractProtocol$ConnectionHandler.process(AbstractProtocol.java:888)
	at org.apache.tomcat.util.net.NioEndpoint$SocketProcessor.doRun(NioEndpoint.java:1597)
	at org.apache.tomcat.util.net.SocketProcessorBase.run(SocketProcessorBase.java:49)
	at java.util.concurrent.ThreadPoolExecutor.runWorker(ThreadPoolExecutor.java:1142)
	at java.util.concurrent.ThreadPoolExecutor$Worker.run(ThreadPoolExecutor.java:617)
	at org.apache.tomcat.util.threads.TaskThread$WrappingRunnable.run(TaskThread.java:61)
	at java.lang.Thread.run(Thread.java:745)
2023-05-17 20:01:42,693 WARN [Thread-9][HttpClientBeanHolder.java:114] - [HttpClientBeanHolder] Destruction of the end
2023-05-17 20:01:43,333 INFO [SpringContextShutdownHook][ExecutorConfigurationSupport.java:218] - Shutting down ExecutorService 'Nacos-Watch-Task-Scheduler'
2023-05-17 20:01:43,333 INFO [SpringContextShutdownHook][ExecutorConfigurationSupport.java:218] - Shutting down ExecutorService 'Nacos-Watch-Task-Scheduler'
2023-05-17 20:01:43,341 INFO [com.alibaba.nacos.naming.push.receiver][PushReceiver.java:97] - received push data: {"type":"dom","data":"{\"name\":\"xuecheng-plus-project@@orders-api\",\"clusters\":\"DEFAULT\",\"cacheMillis\":10000,\"hosts\":[{\"instanceId\":\"192.168.49.1#63030#DEFAULT#xuecheng-plus-project@@orders-api\",\"ip\":\"192.168.49.1\",\"port\":63030,\"weight\":1.0,\"healthy\":true,\"enabled\":true,\"ephemeral\":true,\"clusterName\":\"DEFAULT\",\"serviceName\":\"xuecheng-plus-project@@orders-api\",\"metadata\":{\"preserved.register.source\":\"SPRING_CLOUD\"},\"instanceHeartBeatInterval\":5000,\"ipDeleteTimeout\":30000,\"instanceHeartBeatTimeOut\":15000}],\"lastRefTime\":1684324903503,\"checksum\":\"\",\"allIPs\":false,\"reachProtectionThreshold\":false,\"valid\":true}","lastRefTime":20960660243868} from /192.168.183.130
2023-05-17 20:01:43,341 INFO [com.alibaba.nacos.naming.push.receiver][PushReceiver.java:97] - received push data: {"type":"dom","data":"{\"name\":\"xuecheng-plus-project@@orders-api\",\"clusters\":\"DEFAULT\",\"cacheMillis\":10000,\"hosts\":[{\"instanceId\":\"192.168.49.1#63030#DEFAULT#xuecheng-plus-project@@orders-api\",\"ip\":\"192.168.49.1\",\"port\":63030,\"weight\":1.0,\"healthy\":true,\"enabled\":true,\"ephemeral\":true,\"clusterName\":\"DEFAULT\",\"serviceName\":\"xuecheng-plus-project@@orders-api\",\"metadata\":{\"preserved.register.source\":\"SPRING_CLOUD\"},\"instanceHeartBeatInterval\":5000,\"ipDeleteTimeout\":30000,\"instanceHeartBeatTimeOut\":15000}],\"lastRefTime\":1684324903503,\"checksum\":\"\",\"allIPs\":false,\"reachProtectionThreshold\":false,\"valid\":true}","lastRefTime":20960660243868} from /192.168.183.130
2023-05-17 20:01:43,343 INFO [com.alibaba.nacos.naming.push.receiver][HostReactor.java:232] - new ips(1) service: xuecheng-plus-project@@orders-api@@DEFAULT -> [{"instanceId":"192.168.49.1#63030#DEFAULT#xuecheng-plus-project@@orders-api","ip":"192.168.49.1","port":63030,"weight":1.0,"healthy":true,"enabled":true,"ephemeral":true,"clusterName":"DEFAULT","serviceName":"xuecheng-plus-project@@orders-api","metadata":{"preserved.register.source":"SPRING_CLOUD"},"ipDeleteTimeout":30000,"instanceHeartBeatInterval":5000,"instanceHeartBeatTimeOut":15000}]
2023-05-17 20:01:43,343 INFO [com.alibaba.nacos.naming.push.receiver][HostReactor.java:232] - new ips(1) service: xuecheng-plus-project@@orders-api@@DEFAULT -> [{"instanceId":"192.168.49.1#63030#DEFAULT#xuecheng-plus-project@@orders-api","ip":"192.168.49.1","port":63030,"weight":1.0,"healthy":true,"enabled":true,"ephemeral":true,"clusterName":"DEFAULT","serviceName":"xuecheng-plus-project@@orders-api","metadata":{"preserved.register.source":"SPRING_CLOUD"},"ipDeleteTimeout":30000,"instanceHeartBeatInterval":5000,"instanceHeartBeatTimeOut":15000}]
